<?xml version="1.0" encoding="UTF-8"?><testsuite errors="1" failures="0" name="Realizar una reserva" skipped="0" tests="1" time="119.96" timestamp="2021-02-08T13:30:44.275-05:00[America/Bogota]"><testcase name="Reserva no exitosa"><error message="The following error occurred: element click intercepted: Element &lt;button type=&quot;submit&quot; class=&quot;btn btn-success btn-lg btn-block completebook&quot; name=&quot;login&quot; onclick=&quot;return completebook('https://www.phptravels.net/','Select Payment Method');&quot; style=&quot;display: block;&quot;&gt;...&lt;/button&gt; is not clickable at point (471, 589). Other element would receive the click: &lt;span id=&quot;cookieconsent:desc&quot; class=&quot;cc-message&quot;&gt;...&lt;/span&gt;&#10;  (Session info: chrome=88.0.4324.150)&#10;Build info: version: '3.5.2', revision: '10229a9', time: '2017-08-21T17:29:55.15Z'&#10;System info: host: 'CHBOGML-102826', ip: '10.20.30.31', os.name: 'Windows 10', os.arch: 'amd64', os.version: '10.0', java.version: '1.8.0_221'&#10;Driver info: org.openqa.selenium.remote.RemoteWebDriver&#10;Capabilities [{networkConnectionEnabled=false, chrome={chromedriverVersion=88.0.4324.96 (68dba2d8a0b149a1d3afac56fa74648032bcf46b-refs/branch-heads/4324@{#1784}), userDataDir=C:\Users\HMARTI~1\AppData\Local\Temp\scoped_dir23480_887179948}, timeouts={implicit=0, pageLoad=300000, script=30000}, pageLoadStrategy=normal, unhandledPromptBehavior=dismiss and notify, strictFileInteractability=false, platform=ANY, proxy=Proxy(), goog:chromeOptions={debuggerAddress=localhost:51939}, acceptInsecureCerts=false, browserVersion=88.0.4324.150, browserName=chrome, javascriptEnabled=true, platformName=windows, setWindowRect=true, webauthn:extension:largeBlob=true, webauthn:virtualAuthenticators=true}]&#10;Session ID: 53abc47862b42e0220a56171b8d92747&#10;Build info: version: '3.5.2', revision: '10229a9', time: '2017-08-21T17:29:55.15Z'&#10;System info: host: 'CHBOGML-102826', ip: '10.20.30.31', os.name: 'Windows 10', os.arch: 'amd64', os.version: '10.0', java.version: '1.8.0_221'&#10;Driver info: driver.version: unknown" type="org.openqa.selenium.WebDriverException">The following error occurred: element click intercepted: Element &lt;button type="submit" class="btn btn-success btn-lg btn-block completebook" name="login" onclick="return completebook('https://www.phptravels.net/','Select Payment Method');" style="display: block;"&gt;...&lt;/button&gt; is not clickable at point (471, 589). Other element would receive the click: &lt;span id="cookieconsent:desc" class="cc-message"&gt;...&lt;/span&gt;
  (Session info: chrome=88.0.4324.150)
Build info: version: '3.5.2', revision: '10229a9', time: '2017-08-21T17:29:55.15Z'
System info: host: 'CHBOGML-102826', ip: '10.20.30.31', os.name: 'Windows 10', os.arch: 'amd64', os.version: '10.0', java.version: '1.8.0_221'
Driver info: org.openqa.selenium.remote.RemoteWebDriver
Capabilities [{networkConnectionEnabled=false, chrome={chromedriverVersion=88.0.4324.96 (68dba2d8a0b149a1d3afac56fa74648032bcf46b-refs/branch-heads/4324@{#1784}), userDataDir=C:\Users\HMARTI~1\AppData\Local\Temp\scoped_dir23480_887179948}, timeouts={implicit=0, pageLoad=300000, script=30000}, pageLoadStrategy=normal, unhandledPromptBehavior=dismiss and notify, strictFileInteractability=false, platform=ANY, proxy=Proxy(), goog:chromeOptions={debuggerAddress=localhost:51939}, acceptInsecureCerts=false, browserVersion=88.0.4324.150, browserName=chrome, javascriptEnabled=true, platformName=windows, setWindowRect=true, webauthn:extension:largeBlob=true, webauthn:virtualAuthenticators=true}]
Session ID: 53abc47862b42e0220a56171b8d92747
Build info: version: '3.5.2', revision: '10229a9', time: '2017-08-21T17:29:55.15Z'
System info: host: 'CHBOGML-102826', ip: '10.20.30.31', os.name: 'Windows 10', os.arch: 'amd64', os.version: '10.0', java.version: '1.8.0_221'
Driver info: driver.version: unknown</error><system-err>The following error occurred: element click intercepted: Element &lt;button type="submit" class="btn btn-success btn-lg btn-block completebook" name="login" onclick="return completebook('https://www.phptravels.net/','Select Payment Method');" style="display: block;"&gt;...&lt;/button&gt; is not clickable at point (471, 589). Other element would receive the click: &lt;span id="cookieconsent:desc" class="cc-message"&gt;...&lt;/span&gt;
  (Session info: chrome=88.0.4324.150)
Build info: version: '3.5.2', revision: '10229a9', time: '2017-08-21T17:29:55.15Z'
System info: host: 'CHBOGML-102826', ip: '10.20.30.31', os.name: 'Windows 10', os.arch: 'amd64', os.version: '10.0', java.version: '1.8.0_221'
Driver info: org.openqa.selenium.remote.RemoteWebDriver
Capabilities [{networkConnectionEnabled=false, chrome={chromedriverVersion=88.0.4324.96 (68dba2d8a0b149a1d3afac56fa74648032bcf46b-refs/branch-heads/4324@{#1784}), userDataDir=C:\Users\HMARTI~1\AppData\Local\Temp\scoped_dir23480_887179948}, timeouts={implicit=0, pageLoad=300000, script=30000}, pageLoadStrategy=normal, unhandledPromptBehavior=dismiss and notify, strictFileInteractability=false, platform=ANY, proxy=Proxy(), goog:chromeOptions={debuggerAddress=localhost:51939}, acceptInsecureCerts=false, browserVersion=88.0.4324.150, browserName=chrome, javascriptEnabled=true, platformName=windows, setWindowRect=true, webauthn:extension:largeBlob=true, webauthn:virtualAuthenticators=true}]
Session ID: 53abc47862b42e0220a56171b8d92747
Build info: version: '3.5.2', revision: '10229a9', time: '2017-08-21T17:29:55.15Z'
System info: host: 'CHBOGML-102826', ip: '10.20.30.31', os.name: 'Windows 10', os.arch: 'amd64', os.version: '10.0', java.version: '1.8.0_221'
Driver info: driver.version: unknown&#13;
com.choucair.formacion.pageobjects.RealizarReservaPageObjects.clicbotonConfirmThisBooking(RealizarReservaPageObjects.java:194)&#13;
com.choucair.formacion.steps.RealizarReservaSteps.clicBotonConfirmThisBooking(RealizarReservaSteps.java:152)&#13;
com.choucair.formacion.definition.RealizarReservaDefinition.dar_clic_en_el_boton_Confirm_this_booking(RealizarReservaDefinition.java:132)&#13;
org.eclipse.jdt.internal.junit4.runner.JUnit4TestReference.run(JUnit4TestReference.java:89)&#13;
org.eclipse.jdt.internal.junit.runner.TestExecution.run(TestExecution.java:41)&#13;
org.eclipse.jdt.internal.junit.runner.RemoteTestRunner.runTests(RemoteTestRunner.java:542)&#13;
org.eclipse.jdt.internal.junit.runner.RemoteTestRunner.runTests(RemoteTestRunner.java:770)&#13;
org.eclipse.jdt.internal.junit.runner.RemoteTestRunner.run(RemoteTestRunner.java:464)&#13;
org.eclipse.jdt.internal.junit.runner.RemoteTestRunner.main(RemoteTestRunner.java:210)&#13;
</system-err></testcase></testsuite>